<?xml version="1.0" encoding="UTF-8"?>
<robot generator="Robot 3.2 (Python 3.8.2 on win32)" generated="20200511 11:08:51.564" rpa="false">
<suite id="s1" name="RobotProject1" source="C:\Users\Acer\eclipse-workspace\RobotProject1">
<suite id="s1-s1" name="Test" source="C:\Users\Acer\eclipse-workspace\RobotProject1\test">
<suite id="s1-s1-s1" name="TestSuite1" source="C:\Users\Acer\eclipse-workspace\RobotProject1\test\TestSuite1.robot">
<kw name="Log" library="BuiltIn" type="setup">
<doc>Logs the given message with the given level.</doc>
<arguments>
<arg>Inside Suite Setup</arg>
</arguments>
<msg timestamp="20200511 11:08:51.960" level="INFO">Inside Suite Setup</msg>
<status status="PASS" starttime="20200511 11:08:51.959" endtime="20200511 11:08:51.960"></status>
</kw>
<test id="s1-s1-s1-t1" name="SampleLoginTest">
<kw name="Log" library="BuiltIn" type="setup">
<doc>Logs the given message with the given level.</doc>
<arguments>
<arg>Inside test setup</arg>
</arguments>
<msg timestamp="20200511 11:08:51.962" level="INFO">Inside test setup</msg>
<status status="PASS" starttime="20200511 11:08:51.962" endtime="20200511 11:08:51.963"></status>
</kw>
<kw name="Open Browser" library="SeleniumLibrary">
<doc>Opens a new browser instance to the optional ``url``.</doc>
<arguments>
<arg>${url}</arg>
<arg>chrome</arg>
</arguments>
<msg timestamp="20200511 11:08:51.965" level="INFO">Opening browser 'chrome' to base url 'https://opensource-demo.orangehrmlive.com/'.</msg>
<status status="PASS" starttime="20200511 11:08:51.964" endtime="20200511 11:08:58.108"></status>
</kw>
<kw name="Set Browser Implicit Wait" library="SeleniumLibrary">
<doc>Sets the implicit wait value used by Selenium.</doc>
<arguments>
<arg>15</arg>
</arguments>
<status status="PASS" starttime="20200511 11:08:58.108" endtime="20200511 11:08:58.110"></status>
</kw>
<kw name="LoginKW">
<kw name="Input Text" library="SeleniumLibrary">
<doc>Types the given ``text`` into the text field identified by ``locator``.</doc>
<arguments>
<arg>id=txtUsername</arg>
<arg>${credentials}[0]</arg>
</arguments>
<msg timestamp="20200511 11:08:58.112" level="INFO">Typing text 'Admin' into text field 'id=txtUsername'.</msg>
<status status="PASS" starttime="20200511 11:08:58.111" endtime="20200511 11:08:58.257"></status>
</kw>
<kw name="Input Password" library="SeleniumLibrary">
<doc>Types the given password into the text field identified by ``locator``.</doc>
<arguments>
<arg>id=txtPassword</arg>
<arg>${loginData}[password]</arg>
</arguments>
<msg timestamp="20200511 11:08:58.258" level="INFO">Typing password into text field 'id=txtPassword'.</msg>
<msg timestamp="20200511 11:08:58.318" level="INFO">Temporally setting log level to: NONE</msg>
<msg timestamp="20200511 11:08:58.381" level="INFO">Log level changed from NONE to INFO.</msg>
<status status="PASS" starttime="20200511 11:08:58.257" endtime="20200511 11:08:58.381"></status>
</kw>
<status status="PASS" starttime="20200511 11:08:58.111" endtime="20200511 11:08:58.382"></status>
</kw>
<kw name="Click Button" library="SeleniumLibrary">
<doc>Clicks the button identified by ``locator``.</doc>
<arguments>
<arg>id=btnLogin</arg>
</arguments>
<msg timestamp="20200511 11:08:58.383" level="INFO">Clicking button 'id=btnLogin'.</msg>
<status status="PASS" starttime="20200511 11:08:58.382" endtime="20200511 11:09:00.043"></status>
</kw>
<kw name="Log" library="BuiltIn">
<doc>Logs the given message with the given level.</doc>
<arguments>
<arg>Login completed</arg>
</arguments>
<msg timestamp="20200511 11:09:00.044" level="INFO">Login completed</msg>
<status status="PASS" starttime="20200511 11:09:00.044" endtime="20200511 11:09:00.044"></status>
</kw>
<kw name="Sleep" library="BuiltIn">
<doc>Pauses the test executed for the given time.</doc>
<arguments>
<arg>2</arg>
</arguments>
<msg timestamp="20200511 11:09:02.047" level="INFO">Slept 2 seconds</msg>
<status status="PASS" starttime="20200511 11:09:00.044" endtime="20200511 11:09:02.047"></status>
</kw>
<kw name="Click Element" library="SeleniumLibrary">
<doc>Click the element identified by ``locator``.</doc>
<arguments>
<arg>id=welcome</arg>
</arguments>
<msg timestamp="20200511 11:09:02.048" level="INFO">Clicking element 'id=welcome'.</msg>
<status status="PASS" starttime="20200511 11:09:02.047" endtime="20200511 11:09:02.149"></status>
</kw>
<kw name="Click Element" library="SeleniumLibrary">
<doc>Click the element identified by ``locator``.</doc>
<arguments>
<arg>css=#welcome-menu &gt; ul &gt; li:nth-child(2) &gt; a</arg>
</arguments>
<msg timestamp="20200511 11:09:02.151" level="INFO">Clicking element 'css=#welcome-menu &gt; ul &gt; li:nth-child(2) &gt; a'.</msg>
<status status="PASS" starttime="20200511 11:09:02.150" endtime="20200511 11:09:03.200"></status>
</kw>
<kw name="Log" library="BuiltIn">
<doc>Logs the given message with the given level.</doc>
<arguments>
<arg>LogOut Succesful.</arg>
</arguments>
<msg timestamp="20200511 11:09:03.201" level="INFO">LogOut Succesful.</msg>
<status status="PASS" starttime="20200511 11:09:03.200" endtime="20200511 11:09:03.201"></status>
</kw>
<kw name="Log" library="BuiltIn" type="teardown">
<doc>Logs the given message with the given level.</doc>
<arguments>
<arg>Test Teardown</arg>
</arguments>
<msg timestamp="20200511 11:09:03.203" level="INFO">Test Teardown</msg>
<status status="PASS" starttime="20200511 11:09:03.202" endtime="20200511 11:09:03.203"></status>
</kw>
<doc>This is a sample Login test.</doc>
<status status="PASS" starttime="20200511 11:08:51.961" endtime="20200511 11:09:03.204" critical="yes"></status>
</test>
<kw name="Log" library="BuiltIn" type="teardown">
<doc>Logs the given message with the given level.</doc>
<arguments>
<arg>inside suite teardown</arg>
</arguments>
<msg timestamp="20200511 11:09:03.207" level="INFO">inside suite teardown</msg>
<status status="PASS" starttime="20200511 11:09:03.206" endtime="20200511 11:09:03.207"></status>
</kw>
<status status="PASS" starttime="20200511 11:08:51.648" endtime="20200511 11:09:03.207"></status>
</suite>
<status status="PASS" starttime="20200511 11:08:51.644" endtime="20200511 11:09:03.210"></status>
</suite>
<status status="PASS" starttime="20200511 11:08:51.607" endtime="20200511 11:09:03.214"></status>
</suite>
<statistics>
<total>
<stat pass="1" fail="0">Critical Tests</stat>
<stat pass="1" fail="0">All Tests</stat>
</total>
<tag>
</tag>
<suite>
<stat pass="1" fail="0" id="s1" name="RobotProject1">RobotProject1</stat>
<stat pass="1" fail="0" id="s1-s1" name="Test">RobotProject1.Test</stat>
<stat pass="1" fail="0" id="s1-s1-s1" name="TestSuite1">RobotProject1.Test.TestSuite1</stat>
</suite>
</statistics>
<errors>
</errors>
</robot>
